Iteration	Posterior	Likelihood	Prior	rate_log_sd	tree_length
0	-1752.739	-1896.213	143.4736	3.069049	0.379774
6	-1763.414	-1906.276	142.8619	3.069049	1.301472
12	-1809.984	-1953.769	143.7842	2.42196	1.062301
18	-1682.002	-1824.602	142.6006	2.612089	1.831347
24	-1706.347	-1849.9	143.5527	1.940019	1.634458
30	-1681.537	-1824.83	143.2929	2.337001	1.53422
36	-1654.872	-1798.421	143.5493	2.080667	1.53422
42	-1557.772	-1700.604	142.8317	1.81375	2.208619
48	-1588.485	-1731.624	143.139	1.5065	2.208619
54	-1548.923	-1693.008	144.0851	1.831439	1.31308
60	-1580.935	-1724.824	143.8892	2.264923	1.110527
66	-1563.575	-1707.562	143.9872	2.521656	0.7083872
72	-1567.073	-1710.79	143.7165	2.820283	0.3709514
78	-1567.422	-1711.077	143.6549	2.820283	0.3067803
84	-1700.15	-1842.124	141.9739	4.437507	0.8457059
90	-1680.568	-1823.533	142.9652	3.374236	0.928256
96	-1742.1	-1883.286	141.1865	4.67915	1.353819
102	-1653.121	-1794.822	141.7013	3.179313	2.055037
108	-1584.32	-1727.467	143.147	3.427957	0.4670499
114	-1546.643	-1690.2	143.5575	2.962981	0.3499769
120	-1571.237	-1715.05	143.8126	2.759313	0.5531791
126	-1607.477	-1751.249	143.7718	2.627949	0.8597189
132	-1641.045	-1783.725	142.6807	2.147545	2.08953
138	-1625.225	-1767.203	141.9784	1.653454	2.841401
144	-1652.238	-1796.583	144.3448	1.904346	1.020969
150	-1658.107	-1801.747	143.6408	2.546441	1.080093
156	-1734.874	-1878.917	144.0433	2.24311	0.9837797
162	-1763.893	-1907.434	143.5419	2.723068	1.005351
168	-1792.806	-1937.097	144.2908	2.285656	0.5197018
174	-1678.827	-1822.633	143.8068	2.651189	0.7854615
180	-1565.536	-1708.74	143.2043	1.99703	1.839187
186	-1561.499	-1704.061	142.5619	1.583983	2.525428
192	-1562.013	-1704.984	142.971	1.785126	2.136781
198	-1512.853	-1656.707	143.854	2.326844	1.086003
204	-1514.509	-1658.453	143.9439	2.326844	0.9996379
210	-1546.712	-1691.183	144.4702	1.800475	0.9996379
216	-1588.203	-1730.905	142.7015	3.622494	0.9447717
222	-1550.131	-1693.538	143.4069	2.982532	0.2526893
228	-1612.795	-1755.768	142.9725	3.130974	1.155855
234	-1720.425	-1864.338	143.9133	2.657069	0.4438899
240	-1645.233	-1788.174	142.941	2.014756	2.005187
246	-1650.002	-1792.287	142.2854	1.449886	2.778473
252	-1673.589	-1815.403	141.8137	1.761574	2.875702
258	-1628.623	-1771.391	142.7683	1.822332	2.243976
264	-1659.012	-1801.215	142.2024	3.656989	1.358777
270	-1604.546	-1748.886	144.34	2.199359	0.6503604
276	-1607.33	-1751.45	144.1207	2.199359	0.9489892
282	-1589.836	-1732.021	142.1851	2.176662	2.389954
288	-1597.245	-1738.775	141.5298	1.444001	3.235345
294	-1636.647	-1780.387	143.7403	2.020889	1.435291
300	-1745.1	-1889.269	144.1696	2.359543	0.6714375
306	-1691.674	-1835.554	143.8802	2.339944	1.049017
312	-1721.084	-1865.016	143.932	2.187552	1.141622
318	-1714.794	-1858.71	143.9163	2.494007	0.8470051
324	-1623.773	-1765.763	141.9898	2.149296	2.529674
330	-1744.25	-1887.545	143.2948	3.029202	0.9447359
336	-1689.748	-1832.816	143.0678	3.270522	0.2289879
342	-1636.917	-1780.673	143.7563	2.660662	0.8388604
348	-1625.25	-1769.238	143.9882	2.297205	0.9848611
354	-1680.743	-1824.599	143.8562	2.302029	1.106845
360	-1543.25	-1687.434	144.1845	2.317574	0.7196377
366	-1573.621	-1716.883	143.2618	3.30449	0.5776456
372	-1517.136	-1661.042	143.906	2.205929	1.148391
378	-1606.544	-1750.413	143.8686	2.152239	1.227093
384	-1643.593	-1787.151	143.5574	1.956991	1.618857
390	-1739.417	-1883.03	143.6128	1.827756	1.671874
396	-1724.866	-1868.628	143.7619	2.620191	0.8805084
402	-1758.508	-1902.3	143.792	2.385789	1.088855
408	-1755.447	-1898.889	143.4418	2.434117	1.345691
414	-1737.824	-1881.713	143.8895	2.135937	1.223223
420	-1632.537	-1775.707	143.1699	2.135937	1.766863
426	-1616.735	-1760.449	143.7133	2.829335	0.6432456
432	-1605.37	-1749.078	143.708	2.829335	0.654769
438	-1671.385	-1814.98	143.5947	2.829335	0.2717905
444	-1684.985	-1828.54	143.5544	2.829335	0.8786078
450	-1690.803	-1834.659	143.8559	2.674758	0.3625597
456	-1701.226	-1844.515	143.2884	3.139412	0.2740461
462	-1689.992	-1833.383	143.3904	2.326935	1.468687
468	-1698.677	-1842.473	143.7958	1.990031	1.416242
474	-1621.135	-1765.204	144.0689	1.990031	1.194625
480	-1617.685	-1761.295	143.6103	2.177358	1.414839
486	-1560.12	-1700.65	140.53	1.869245	3.572147
492	-1571.802	-1714.119	142.3167	1.379172	2.802528
498	-1571.037	-1714.442	143.4054	1.57792	1.986805
504	-1501.716	-1645.95	144.2345	2.240049	0.7620284
510	-1486.528	-1630.094	143.5668	1.785161	1.734581
516	-1433.118	-1577.003	143.8849	2.681827	0.5758721
522	-1445.511	-1589.463	143.9519	2.601849	0.6161459
528	-1470.622	-1614.657	144.0348	2.541199	0.5249303
534	-1508.913	-1653.269	144.3557	2.187485	0.6421082
540	-1536.518	-1680.449	143.9312	1.926118	1.360438
546	-1508.684	-1652.308	143.624	1.881714	1.625134
552	-1479.289	-1621.627	142.3374	1.688892	2.59975
558	-1395.876	-1537.664	141.7875	1.195457	3.229916
564	-1415.533	-1554.071	138.5378	1.076244	5.147385
570	-1417.352	-1560.28	142.9282	1.027139	2.643551
576	-1447.816	-1589.805	141.9884	1.311501	3.041391
582	-1392.562	-1535.56	142.9979	1.22798	2.475429
588	-1397.927	-1539.34	141.4127	1.836772	3.071556
594	-1395.05	-1538.416	143.3667	1.723213	1.91508
600	-1434.12	-1578.158	144.0383	2.335103	0.890443
606	-1496.84	-1638.944	142.1046	2.334567	2.340829
612	-1502.972	-1646.711	143.7384	1.658815	1.702666
618	-1497.146	-1639.474	142.3273	1.443895	2.756546
624	-1498.44	-1641.137	142.6963	1.483912	2.504003
630	-1507.384	-1649.675	142.2908	1.889457	2.504003
636	-1514.875	-1658.063	143.1879	2.377091	1.582061
642	-1474.678	-1618.664	143.9865	1.709705	1.484675
648	-1552.966	-1696.402	143.4355	1.709705	1.877544
654	-1567.033	-1710.244	143.2116	1.709705	2.028075
660	-1634.778	-1778.066	143.2878	1.876476	1.864519
666	-1649.734	-1792.904	143.1694	1.828826	1.976785
672	-1566.013	-1708.858	142.845	2.223443	1.929635
678	-1577.309	-1721.195	143.8859	2.010107	1.329597
684	-1639.101	-1782.168	143.0666	2.228684	1.774182
690	-1668.347	-1811.982	143.6346	1.644891	1.78523
696	-1684.714	-1829.249	144.535	1.990633	0.6782892
702	-1590.352	-1734.347	143.9952	2.380686	0.8876929
708	-1588.118	-1729.966	141.8477	2.89756	2.14385
714	-1581.058	-1724.235	143.1769	1.56837	2.14385
720	-1619.742	-1763.716	143.9733	1.962956	1.297099
726	-1625.04	-1767.686	142.6455	1.962956	2.232541
732	-1615.311	-1756.943	141.6311	1.754129	2.990238
738	-1700.715	-1842.582	141.8667	3.248403	1.898026
744	-1797.77	-1941.099	143.3284	3.248403	0.5135824
750	-1758.83	-1902.45	143.6202	2.449478	1.185325
756	-1730.014	-1874.02	144.0066	2.449478	0.7880464
762	-1715.18	-1858.847	143.6672	2.535259	1.065825
768	-1760.899	-1904.812	143.9129	2.027409	1.293822
774	-1839.926	-1981.532	141.6056	1.943032	2.891791
780	-1871.255	-2012.661	141.4061	2.142502	2.891791
786	-1836.322	-1975.926	139.6042	1.558372	4.280971
792	-1889.312	-2030.983	141.6714	3.564313	1.815526
798	-1897.403	-2039.058	141.6553	3.389195	1.945777
804	-1930.499	-2074.015	143.5157	2.98631	0.7197905
810	-1874.021	-2017.356	143.3342	3.218221	0.6197358
816	-1820.474	-1963.637	143.1635	3.314774	0.309252
822	-1784.362	-1925.433	141.0708	3.314774	2.374844
828	-1833.473	-1976.607	143.134	1.883187	1.964121
834	-1945.757	-2088.835	143.0775	1.52856	2.234074
840	-1857.814	-2000.521	142.7071	1.898924	2.234074
846	-1868.317	-2010.786	142.4689	2.13716	2.234074
852	-1833.142	-1976.613	143.4713	2.012697	1.64075
858	-1827.779	-1968.498	140.7188	3.700441	2.35354
864	-1785.593	-1929.627	144.0335	2.0336	1.187574
870	-1791.879	-1935.742	143.8627	2.204401	1.187574
876	-1772.353	-1914.943	142.5904	1.804492	2.368974
882	-1704.372	-1846.248	141.8763	1.499702	2.9958
888	-1704.096	-1847.579	143.483	1.942948	1.682305
894	-1749.289	-1892.803	143.5144	1.91153	1.682305
900	-1708.056	-1851.422	143.3658	2.378014	1.448546
906	-1733.92	-1877.677	143.757	2.726341	0.7489397
912	-1835.4	-1979.036	143.636	2.571944	1.060608
918	-1864.633	-2007.498	142.865	2.212039	1.923826
924	-1809.957	-1952.057	142.1005	1.769186	2.696297
930	-1791.679	-1933.876	142.1971	1.67258	2.696297
936	-1736.019	-1878.834	142.8158	1.774344	2.244318
942	-1725.327	-1869.315	143.9878	2.134799	1.138901
948	-1788.584	-1932.092	143.5077	2.134799	1.524864
954	-1757.874	-1902.028	144.1538	2.284623	0.811618
960	-1707.968	-1852.126	144.1579	2.306983	0.775812
966	-1797.094	-1941.038	143.9441	2.450883	0.8653538
972	-1778.877	-1922.813	143.9365	2.445779	0.8802866
978	-1776.628	-1920.517	143.8888	2.688064	0.4878013
984	-1766.207	-1910.079	143.8716	2.688064	0.599657
990	-1681.278	-1825.15	143.8716	2.688064	0.599657
996	-1734.378	-1878.07	143.6911	2.688064	0.8838845
