Iteration	Posterior	Likelihood	Prior	rate_log_sd	tree_length
0	-952.3357	-1097.103	144.7677	1.747551	0.6973251
6	-952.0359	-1096.535	144.4986	1.971364	0.7686185
12	-959.001	-1103.574	144.5726	1.801518	0.8896755
18	-965.1015	-1109.658	144.5565	1.801518	0.9078444
24	-971.3258	-1115.863	144.5374	1.920559	0.7854436
30	-955.2286	-1099.872	144.643	1.920559	0.5871448
36	-936.0029	-1080.202	144.1996	2.334698	0.3673954
42	-961.4532	-1105.449	143.9958	2.454721	0.2886715
48	-959.9958	-1103.992	143.9958	2.454721	0.2886715
54	-972.1355	-1115.962	143.8266	2.591963	0.2685798
60	-966.9007	-1110.775	143.874	2.474821	0.2335344
66	-980.8296	-1124.503	143.6735	2.675124	0.2334477
72	-976.7777	-1120.62	143.8423	2.547291	0.2527923
78	-963.3748	-1107.053	143.678	2.644411	0.2224672
84	-954.2597	-1097.988	143.7287	2.630555	0.2381856
90	-967.3406	-1111.112	143.7719	2.697691	0.3024129
96	-967.3344	-1111.279	143.9451	2.554027	0.3274913
102	-949.7984	-1093.683	143.8844	2.519353	0.2602817
108	-936.3549	-1080.297	143.9424	2.519353	0.2965685
114	-943.624	-1087.577	143.953	2.583587	0.3706225
120	-942.1471	-1086.124	143.9767	2.511982	0.3180658
126	-935.087	-1079.048	143.9612	2.511982	0.3051931
132	-940.208	-1084.148	143.9402	2.515962	0.2925948
138	-941.1196	-1085.145	144.0255	2.473828	0.3276928
144	-929.3259	-1073.406	144.0804	2.36907	0.2879264
150	-941.5718	-1085.772	144.2003	2.368893	0.4394101
156	-946.4167	-1090.839	144.4219	2.155237	0.5071529
162	-932.6988	-1076.588	143.8889	2.517065	0.2614459
168	-925.2121	-1068.897	143.6847	2.64665	0.2260996
174	-923.3729	-1066.797	143.4237	2.782518	0.1830357
180	-943.343	-1086.767	143.4237	2.782518	0.1830357
186	-941.8591	-1085.407	143.5474	2.729689	0.2055255
192	-943.6037	-1087.521	143.9174	2.55718	0.3062836
198	-956.1606	-1100.328	144.1669	2.297826	0.2987895
204	-954.2472	-1098.493	144.2456	2.315402	0.4153906
210	-956.6772	-1100.971	144.2936	2.266176	0.4122537
216	-954.9263	-1099.237	144.3109	2.266176	0.4909963
222	-944.8093	-1089.267	144.4573	2.119628	0.4874775
228	-950.2083	-1094.581	144.373	2.204125	0.5065907
234	-937.2052	-1081.423	144.2176	2.290183	0.3360772
240	-937.844	-1081.986	144.1417	2.3657	0.3356361
246	-950.1102	-1094.187	144.0764	2.446212	0.3524821
252	-952.3491	-1096.619	144.2701	2.261759	0.3641173
258	-939.5534	-1083.847	144.2933	2.261759	0.4020688
264	-938.1904	-1082.408	144.2176	2.323091	0.3767694
270	-947.7735	-1091.964	144.19	2.345448	0.3691399
276	-950.0079	-1094.219	144.2115	2.323956	0.3691399
282	-951.6887	-1095.9	144.2109	2.323956	0.36827
288	-955.7806	-1099.856	144.0752	2.440757	0.3448345
294	-955.9607	-1100.212	144.2516	2.307359	0.410354
300	-958.789	-1102.503	143.7145	2.614882	0.2252764
306	-962.7074	-1106.299	143.5918	2.614882	0.183181
312	-962.4154	-1105.908	143.4922	2.734524	0.189115
318	-945.4939	-1089.035	143.541	2.736294	0.2055996
324	-952.492	-1096.206	143.7138	2.636	0.2339513
330	-941.7284	-1085.27	143.5415	2.701816	0.1942852
336	-951.8855	-1095.07	143.1846	2.866541	0.1453774
342	-947.5066	-1090.39	142.8837	3.167448	0.1453774
348	-942.625	-1085.941	143.3158	2.840209	0.1693855
354	-943.0647	-1086.534	143.4692	2.840209	0.2173655
360	-935.5677	-1078.942	143.3746	2.840209	0.1855412
366	-949.5248	-1093.47	143.9455	2.526128	0.3040368
372	-952.0687	-1095.912	143.8429	2.64227	0.3149822
378	-951.8451	-1095.522	143.6771	2.633979	0.217986
384	-939.4412	-1083.132	143.6909	2.633979	0.2234309
390	-940.7264	-1083.992	143.266	2.790374	0.1464516
396	-934.8638	-1078.388	143.524	2.790374	0.2192675
402	-931.637	-1075.003	143.3662	2.790374	0.1695368
408	-932.4713	-1076.141	143.6697	2.635793	0.2158476
414	-939.6792	-1083.324	143.6444	2.673327	0.2205817
420	-941.5256	-1085.174	143.6486	2.673327	0.2222763
426	-949.5675	-1093.106	143.5389	2.711115	0.1964104
432	-945.7915	-1089.717	143.9257	2.542937	0.3016788
438	-961.7327	-1105.643	143.9108	2.56334	0.305937
444	-961.6968	-1105.71	144.0134	2.452937	0.2999524
450	-977.4986	-1121.594	144.0957	2.380038	0.3072041
456	-963.437	-1107.5	144.0632	2.380038	0.2837687
462	-952.1428	-1096.26	144.1173	2.41296	0.3620339
468	-952.3942	-1096.55	144.1556	2.306166	0.296572
474	-966.1419	-1109.963	143.8211	2.640633	0.296572
480	-967.3659	-1110.845	143.4791	2.801274	0.2066494
486	-961.9999	-1105.857	143.8573	2.585698	0.2836074
492	-960.97	-1104.739	143.7692	2.585698	0.2362055
498	-973.1389	-1116.929	143.7904	2.585698	0.2461007
504	-977.0314	-1120.72	143.689	2.660534	0.233821
510	-975.6121	-1119.085	143.4733	2.780315	0.1976024
516	-962.1358	-1106.054	143.9186	2.512083	0.2758132
522	-958.1491	-1102.153	144.0041	2.453697	0.2937418
528	-972.6868	-1115.892	143.2052	2.937808	0.1660967
534	-953.4659	-1096.651	143.1853	2.957672	0.1660967
540	-956.9834	-1100.601	143.6173	2.646715	0.2010265
546	-953.6762	-1097.733	144.0566	2.461622	0.3473473
552	-963.2462	-1107.66	144.4138	2.150037	0.4225819
558	-962.0866	-1106.213	144.1262	2.400641	0.3576659
564	-950.0955	-1094.248	144.1527	2.363611	0.3452262
570	-955.51	-1099.817	144.3069	2.26308	0.4422235
576	-967.6836	-1111.962	144.2789	2.296908	0.4736573
582	-952.7048	-1097.2	144.4951	2.080369	0.4711953
588	-949.8685	-1094.227	144.3588	2.204979	0.4225551
594	-963.1944	-1107.56	144.3653	2.204979	0.4433154
600	-949.9734	-1094.382	144.4085	2.161716	0.4433154
606	-953.9072	-1098.367	144.4596	2.093241	0.397535
612	-951.2546	-1095.599	144.3441	2.23275	0.5136269
618	-954.7836	-1099.322	144.5385	2.034608	0.5467881
624	-945.5372	-1090.076	144.5384	2.034608	0.5469674
630	-964.3194	-1108.813	144.4937	2.012662	0.7126058
636	-971.8118	-1116.449	144.6369	1.869374	0.7126058
642	-966.0805	-1110.738	144.6573	1.723969	0.8814975
648	-973.5821	-1118.113	144.5312	2.044272	0.4712393
654	-962.7436	-1107.256	144.5126	2.044272	0.6078593
660	-964.3006	-1108.785	144.4842	2.084622	0.5674487
666	-959.9055	-1104.34	144.434	2.13317	0.5740725
672	-952.2385	-1096.674	144.4355	2.13317	0.4375407
678	-958.239	-1102.668	144.4287	2.123744	0.619808
684	-962.7296	-1107.21	144.4801	1.820154	0.9696531
690	-952.0832	-1096.729	144.6453	1.815268	0.7817896
696	-952.9676	-1097.559	144.5917	1.815268	0.8510501
702	-961.8705	-1106.597	144.7265	1.575387	0.9679654
708	-951.1619	-1095.609	144.4474	1.563267	1.235668
714	-966.3385	-1110.549	144.2103	1.601544	1.396119
720	-943.8816	-1088.395	144.5131	1.510373	1.224888
726	-950.8267	-1095.294	144.4673	1.47412	1.292902
732	-956.6255	-1100.835	144.2098	1.494299	1.478691
738	-960.8025	-1105.461	144.658	1.465299	1.138289
744	-949.0606	-1093.678	144.6175	1.689255	0.9629329
750	-961.006	-1105.557	144.5507	1.832208	0.8795377
756	-950.4248	-1094.813	144.3882	1.832208	1.048802
762	-955.1701	-1099.522	144.3519	1.832208	1.083015
768	-942.3688	-1086.916	144.5473	1.832208	0.8834974
774	-942.7327	-1087.256	144.523	2.01445	0.6545678
780	-955.2723	-1099.845	144.5727	1.992531	0.5815434
786	-952.2438	-1096.836	144.5921	1.900975	0.7340966
792	-963.6533	-1108.277	144.6242	1.907685	0.6660453
798	-958.6401	-1103.16	144.5204	2.012971	0.6629808
804	-946.6565	-1091.137	144.4809	2.075926	0.6077267
810	-961.441	-1105.854	144.4133	2.143601	0.6077267
816	-958.9993	-1103.463	144.4641	2.027638	0.7361498
822	-955.2184	-1099.73	144.5119	2.021855	0.662168
828	-960.8007	-1105.129	144.3287	2.243607	0.5511532
834	-953.3871	-1097.716	144.3288	2.243607	0.4526108
840	-952.7402	-1097.285	144.5443	2.012338	0.6082578
846	-951.6269	-1096.087	144.46	2.108552	0.5689056
852	-970.7478	-1115.43	144.6822	1.859705	0.6448759
858	-958.7205	-1103.514	144.7932	1.690893	0.7478558
864	-946.8396	-1091.502	144.6623	1.833748	0.729405
870	-953.5831	-1098.097	144.5137	1.961307	0.7613762
876	-938.0073	-1082.335	144.3282	2.248946	0.506747
882	-931.5413	-1075.866	144.3248	2.245239	0.4424342
888	-943.4393	-1087.962	144.5232	2.015561	0.6517607
894	-947.1155	-1091.7	144.585	1.925538	0.7055244
900	-946.9461	-1091.454	144.5083	2.068317	0.5171549
906	-936.4284	-1081.024	144.5958	1.950991	0.6337359
912	-937.7767	-1082.205	144.4282	1.958951	0.874669
918	-930.4982	-1075.076	144.5779	1.964845	0.6430945
924	-947.445	-1092.023	144.5779	1.964845	0.6430945
930	-946.8928	-1091.439	144.5466	2.029308	0.5259692
936	-951.8623	-1096.223	144.361	2.200384	0.4162398
942	-955.043	-1099.298	144.2548	2.313781	0.437217
948	-944.2021	-1088.52	144.318	2.22856	0.3862896
954	-952.7242	-1097.072	144.3475	2.22856	0.5241222
960	-938.8352	-1083.286	144.451	2.125095	0.5241222
966	-951.1993	-1095.642	144.4428	2.132343	0.4682543
972	-957.5579	-1101.891	144.3336	2.156385	0.7389052
978	-938.5347	-1082.787	144.2523	2.314777	0.43212
984	-950.7637	-1095.075	144.3118	2.253281	0.4260165
990	-956.1909	-1100.405	144.2144	2.334068	0.3895794
996	-948.9026	-1093.019	144.1167	2.42411	0.376936
