Iteration	Posterior	Likelihood	Prior	rate_log_sd	tree_length
0	-925.9368	-1069.394	143.4568	2.817784	0.2046474
6	-928.5958	-1072.213	143.6173	2.730571	0.2331075
12	-920.2224	-1063.76	143.5373	2.729295	0.2019064
18	-922.3705	-1065.998	143.6278	2.688547	0.2200557
24	-919.2318	-1062.665	143.433	2.857607	0.210324
30	-922.4025	-1065.958	143.556	2.770229	0.2239859
36	-919.3842	-1063.566	144.1819	2.374721	0.4052044
42	-915.6937	-1059.918	144.2244	2.332201	0.4052044
48	-914.7149	-1058.904	144.1889	2.367649	0.4052044
54	-914.3429	-1058.594	144.2513	2.305314	0.4052044
60	-925.7627	-1070.065	144.3022	2.267966	0.4431319
66	-930.4956	-1074.922	144.4263	2.14682	0.4560664
72	-926.8649	-1071.223	144.3577	2.213171	0.4457603
78	-925.6002	-1070.102	144.5016	2.073796	0.5305075
84	-920.8619	-1065.33	144.4677	2.109462	0.4987996
90	-918.7386	-1063.193	144.4543	2.109462	0.5865532
96	-912.7923	-1057.391	144.5984	1.965388	0.5865532
102	-918.4896	-1062.877	144.3877	2.188879	0.4822025
108	-924.0299	-1068.362	144.3325	2.241198	0.4590983
114	-925.811	-1070.122	144.3114	2.250166	0.4167675
120	-919.8726	-1064.16	144.2877	2.288093	0.5272176
126	-914.0681	-1058.431	144.3632	2.205	0.5701362
132	-905.4452	-1050.024	144.5787	1.91671	0.7304177
138	-919.2041	-1063.785	144.5806	1.903198	0.7482904
144	-921.0381	-1065.489	144.4505	2.050141	0.721923
150	-906.8893	-1051.199	144.3093	2.267942	0.5011495
156	-906.7512	-1050.989	144.2382	2.330917	0.4390927
162	-913.7053	-1057.795	144.0899	2.469292	0.4109132
168	-907.797	-1051.777	143.9799	2.501952	0.3122291
174	-912.2384	-1056.218	143.9794	2.489642	0.3020408
180	-917.0074	-1060.81	143.8028	2.595126	0.2571296
186	-913.1706	-1056.774	143.6037	2.739093	0.2308942
192	-912.9544	-1056.631	143.6766	2.656003	0.226622
198	-917.5085	-1061.185	143.6766	2.656003	0.226622
204	-911.5384	-1055.001	143.4628	2.81655	0.2062968
210	-918.607	-1061.789	143.1823	2.907853	0.1536784
216	-919.2253	-1062.362	143.1362	2.907853	0.143936
222	-917.666	-1060.966	143.2997	2.909202	0.1838238
228	-923.5492	-1066.963	143.414	2.764207	0.1752291
234	-930.7283	-1074.017	143.2885	2.831455	0.1605107
240	-934.6377	-1078.315	143.6773	2.60179	0.2061995
246	-927.4202	-1071.294	143.8739	2.60179	0.3071666
252	-916.9364	-1060.721	143.7843	2.60179	0.2509991
258	-919.3841	-1063.263	143.8788	2.529023	0.2625098
264	-916.7759	-1060.54	143.7643	2.599221	0.2401146
270	-916.0281	-1060.169	144.1412	2.392119	0.3661072
276	-915.9539	-1060.346	144.3924	2.171758	0.5853194
282	-919.256	-1063.642	144.3857	2.19153	0.4973842
288	-920.3455	-1064.819	144.4733	2.103894	0.4973842
294	-923.598	-1068.145	144.547	2.015675	0.5901611
300	-920.1587	-1064.42	144.2612	2.288819	0.3923571
306	-922.9238	-1067.251	144.3267	2.244293	0.4462676
312	-922.7868	-1066.798	144.0108	2.432099	0.2835588
318	-921.8631	-1065.76	143.8966	2.546278	0.2835588
324	-922.1974	-1066.095	143.8977	2.546278	0.2842658
330	-921.6303	-1065.558	143.9279	2.515404	0.2838213
336	-921.6331	-1065.659	144.0259	2.417454	0.2838213
342	-919.2733	-1063.385	144.112	2.398082	0.3384137
348	-917.0946	-1061.278	144.1836	2.351152	0.368028
354	-921.4258	-1065.145	143.7192	2.694046	0.2654907
360	-916.5896	-1060.463	143.8738	2.564134	0.2803461
366	-917.249	-1061.211	143.9618	2.446026	0.2625008
372	-915.0283	-1059.358	144.3302	2.22254	0.3973415
378	-912.2742	-1056.593	144.3183	2.257997	0.4792906
384	-925.8877	-1070.396	144.5086	2.06777	0.4792906
390	-926.8866	-1071.371	144.4844	2.091915	0.4792906
396	-917.5213	-1061.877	144.356	2.218023	0.4611453
402	-923.9093	-1068.268	144.359	2.218023	0.4903246
408	-922.107	-1066.551	144.4438	2.132852	0.4836125
414	-931.8542	-1076.123	144.2684	2.308275	0.4836125
420	-926.1546	-1070.605	144.4501	2.126532	0.4836125
426	-928.0888	-1072.539	144.4498	2.126532	0.5210897
432	-931.5518	-1075.883	144.3313	2.245858	0.4964485
438	-927.1765	-1071.496	144.3198	2.245858	0.427767
444	-926.3367	-1070.595	144.2579	2.318239	0.5233905
450	-922.8133	-1067.193	144.3801	2.197113	0.5008374
456	-928.932	-1073.283	144.3509	2.22633	0.4972842
462	-919.8479	-1064.297	144.4488	2.127111	0.5258991
468	-918.2009	-1062.618	144.4175	2.155778	0.5455217
474	-931.2097	-1075.618	144.4079	2.1693	0.4974937
480	-940.5738	-1084.957	144.3833	2.165071	0.6298497
486	-936.7332	-1081.077	144.3438	2.230917	0.465323
492	-934.6212	-1078.967	144.3462	2.23004	0.4788042
498	-920.108	-1064.611	144.503	2.057667	0.5964725
504	-924.0241	-1068.564	144.54	2.02065	0.5964725
510	-921.8341	-1066.283	144.4492	2.02065	0.7687467
516	-923.9304	-1068.474	144.5435	2.002082	0.6365121
522	-928.4038	-1072.947	144.543	1.873178	0.8397659
528	-921.7294	-1066.397	144.6674	1.738834	0.8519357
534	-917.6174	-1062.082	144.4646	1.880994	0.9215556
540	-917.7887	-1062.313	144.524	1.880994	0.8534146
546	-925.653	-1070.24	144.5872	1.792867	0.88287
552	-918.9601	-1063.517	144.5568	1.96691	0.6819138
558	-920.8247	-1065.317	144.4926	2.032768	0.6786632
564	-922.0926	-1066.539	144.4468	2.128328	0.5329786
570	-924.7201	-1069.292	144.5715	1.948848	0.6880391
576	-919.4312	-1064.128	144.6971	1.831484	0.6724825
582	-911.0907	-1055.659	144.5681	1.941771	0.7066067
588	-922.4184	-1067.045	144.6262	1.870255	0.7286731
594	-923.3775	-1067.921	144.5439	1.988975	0.6640786
600	-917.5168	-1061.923	144.4066	2.168793	0.5310859
606	-918.0451	-1062.452	144.4066	2.168793	0.5310859
612	-922.579	-1066.987	144.4084	2.168793	0.5019602
618	-920.6477	-1065.12	144.4726	2.104553	0.5040721
624	-922.0496	-1066.632	144.5825	1.943476	0.6775395
630	-922.9609	-1067.479	144.5177	2.055875	0.5438387
636	-921.6136	-1066.145	144.5314	1.997461	0.6719154
642	-921.6518	-1066.306	144.6541	1.908264	0.5910584
648	-929.2279	-1073.688	144.46	2.115498	0.4713056
654	-919.1607	-1063.696	144.5354	2.006092	0.6457657
660	-920.606	-1065.127	144.5212	2.049341	0.5599523
666	-914.3928	-1059.021	144.6278	1.868905	0.7282505
672	-919.6532	-1064.174	144.521	1.845042	0.8988667
678	-921.2978	-1065.69	144.3925	1.973549	0.8988667
684	-923.6693	-1068.217	144.5476	2.021849	0.5649493
690	-930.9644	-1075.378	144.4139	2.152505	0.5771472
696	-922.3719	-1066.85	144.4786	2.028671	0.7110836
702	-926.8622	-1071.363	144.5006	2.028671	0.671293
708	-924.7163	-1069.088	144.3719	2.205273	0.499977
714	-924.6373	-1068.918	144.2811	2.265433	0.3862047
720	-919.7343	-1063.935	144.2004	2.342635	0.3804143
726	-918.9714	-1063.178	144.2066	2.33036	0.3711813
732	-922.0183	-1066.224	144.206	2.311048	0.345985
738	-927.2081	-1071.453	144.245	2.224035	0.3020093
744	-924.2144	-1068.676	144.4621	2.113939	0.5250375
750	-919.5612	-1064.001	144.4395	2.136417	0.5260947
756	-920.8716	-1065.307	144.4356	2.14033	0.5260947
762	-926.58	-1070.959	144.3788	2.197544	0.4795921
768	-920.3219	-1064.736	144.4146	2.160624	0.5322925
774	-922.2513	-1066.712	144.4607	2.112874	0.458382
780	-921.3601	-1065.806	144.4462	2.111541	0.605181
786	-918.2981	-1062.763	144.465	2.111541	0.5181562
792	-915.3247	-1059.833	144.5087	1.952736	0.780642
798	-930.3689	-1074.943	144.5738	1.947633	0.6861553
804	-925.5878	-1070.15	144.5625	1.947633	0.7061555
810	-935.9727	-1080.623	144.6502	1.854937	0.7145796
816	-936.0257	-1080.736	144.7105	1.79463	0.7145796
822	-931.9379	-1076.552	144.6145	1.800212	0.8415413
828	-928.0955	-1072.613	144.5171	1.784843	0.9679088
834	-930.3765	-1074.994	144.6176	1.666206	0.9864552
840	-918.3996	-1062.931	144.5314	1.939724	0.7669528
846	-915.9095	-1060.473	144.5637	1.94739	0.704419
852	-923.3595	-1067.843	144.484	2.069161	0.6179194
858	-929.0033	-1073.398	144.3944	2.175529	0.562793
864	-924.4377	-1069.057	144.6193	1.911821	0.6674723
870	-917.1506	-1061.749	144.5987	1.929825	0.6725645
876	-918.8786	-1063.398	144.5189	2.020109	0.6511226
882	-919.5955	-1064.009	144.4138	2.163356	0.5017033
888	-923.3657	-1067.823	144.4569	2.107752	0.5835329
894	-927.6439	-1072.003	144.3593	2.217851	0.5032234
900	-931.411	-1075.911	144.5001	2.076936	0.4912031
906	-931.3278	-1075.818	144.4898	2.08584	0.5283586
912	-931.4018	-1075.859	144.4574	2.079029	0.6566362
918	-922.5005	-1067.022	144.5218	1.969983	0.7360582
924	-922.8531	-1067.494	144.6414	1.734038	0.8882069
930	-927.4556	-1072.021	144.5655	1.886361	0.7937589
936	-931.0177	-1075.583	144.5655	1.886361	0.7937589
942	-932.8595	-1077.434	144.575	1.876833	0.7938217
948	-932.6488	-1077.237	144.5877	1.864096	0.7938217
954	-938.0272	-1082.766	144.7384	1.758447	0.7281007
960	-931.1439	-1075.672	144.5279	1.654018	1.085028
966	-935.2067	-1079.705	144.4987	1.658339	1.107863
972	-932.709	-1077.302	144.5934	1.717015	0.9590879
978	-930.9448	-1075.414	144.4689	1.708544	1.089184
984	-938.4024	-1082.802	144.3995	1.777881	1.089184
990	-935.5728	-1080.051	144.4783	1.537019	1.231756
996	-926.7487	-1071.152	144.403	1.568234	1.268488
