Iteration	Posterior	Likelihood	Prior	rate_log_sd	tree_length
0	-1096.065	-1240.243	144.1774	2.373366	0.3935676
6	-1112.51	-1256.672	144.1612	2.348419	0.3380145
12	-1136.969	-1281.149	144.1799	2.348419	0.3595485
18	-1107.507	-1251.735	144.2284	2.348419	0.5133056
24	-1101.344	-1245.55	144.2053	2.359488	0.5829705
30	-1091.073	-1235.489	144.4158	2.046389	0.7795579
36	-1137.482	-1281.921	144.4385	2.134152	0.5490063
42	-1173.517	-1317.742	144.2251	2.066659	0.9783234
48	-1124.137	-1267.902	143.7655	1.437086	1.838319
54	-1109.842	-1253.798	143.9556	1.556678	1.620341
60	-1120.575	-1265.177	144.602	1.745312	0.9196069
66	-1137.285	-1281.503	144.2181	2.13365	0.9147065
72	-1132.057	-1276.525	144.4682	1.829443	0.9722747
78	-1162.691	-1306.699	144.0075	2.18924	1.071243
84	-1132.159	-1276.22	144.0608	2.025848	1.170593
90	-1100.476	-1244.838	144.3623	2.025848	0.8734473
96	-1131.331	-1275.579	144.2475	2.329715	0.5026133
102	-1122.298	-1266.423	144.1249	2.446131	0.5577278
108	-1096.317	-1240.556	144.2396	2.304619	0.6396459
114	-1107.979	-1252.258	144.2798	2.244466	0.6808182
120	-1082.159	-1226.337	144.1784	2.38949	0.5712712
126	-1105.129	-1249.195	144.0657	2.501517	0.5741767
132	-1096.064	-1240.53	144.4658	1.834723	0.9693715
138	-1120.191	-1263.734	143.5425	2.175833	1.467955
144	-1134.877	-1278.758	143.8811	1.967253	1.367513
150	-1148.992	-1293.255	144.2636	2.142522	0.8520738
156	-1128.494	-1272.591	144.0969	2.466308	0.4210399
162	-1140.387	-1282.688	142.3016	1.451806	2.767466
168	-1094.667	-1238.444	143.7775	1.10068	2.056641
174	-1118.561	-1261.084	142.5227	1.512451	2.594261
180	-1132.443	-1276.275	143.8323	1.512451	1.739663
186	-1130.196	-1274.564	144.3683	1.83015	1.069576
192	-1126.492	-1271.024	144.5322	1.712823	1.025029
198	-1163.278	-1307.786	144.5084	1.70136	1.058945
204	-1172.745	-1317.304	144.5588	1.667419	1.043208
210	-1142.064	-1286.641	144.577	1.628269	1.063189
216	-1173.766	-1317.823	144.0571	1.85687	1.315188
222	-1178.127	-1322.548	144.4209	1.49303	1.315188
228	-1220.321	-1363.756	143.435	1.542418	1.99075
234	-1213.373	-1356.908	143.5351	1.643901	1.85451
240	-1209.201	-1352.942	143.7413	1.836501	1.572697
246	-1157.624	-1302.054	144.4294	1.560597	1.252933
252	-1175.827	-1319.257	143.4296	1.470182	2.042363
258	-1164.473	-1308.285	143.8119	1.635138	1.667277
264	-1188.457	-1332.613	144.1563	1.41131	1.580128
270	-1161.776	-1306.212	144.4365	1.673959	1.149733
276	-1181.943	-1324.503	142.56	1.73612	2.431356
282	-1169.83	-1314.122	144.2916	2.211741	0.717545
288	-1158.968	-1302.854	143.886	2.672323	0.4089302
294	-1133.39	-1276.84	143.4502	2.816389	0.2018912
300	-1152.747	-1296.197	143.4502	2.816389	0.2018912
306	-1164.575	-1308.062	143.4879	2.816389	0.2154019
312	-1159.64	-1302.255	142.6157	3.215619	0.1083523
318	-1174.957	-1318.194	143.2373	2.904354	0.1657616
324	-1159.118	-1303.104	143.9862	2.504348	0.3196269
330	-1119.332	-1263.233	143.9003	2.674799	0.4680813
336	-1136.956	-1281.261	144.3059	2.253414	0.6005331
342	-1149.679	-1293.962	144.2828	2.253414	0.6571903
348	-1148.719	-1292.961	144.2414	2.318656	0.4129003
354	-1135.595	-1280.051	144.4558	2.114047	0.5632804
360	-1128.573	-1272.895	144.3225	2.02808	0.9160718
366	-1157.685	-1301.462	143.7765	1.642295	1.687367
372	-1177.954	-1322.478	144.5237	1.517734	1.20964
378	-1127.001	-1270.486	143.485	1.517734	1.973807
384	-1123.213	-1266.699	143.4854	1.503236	1.98325
390	-1142.85	-1286.642	143.7924	1.503236	1.773986
396	-1155.804	-1300.404	144.5992	1.614709	1.055015
402	-1169.039	-1312.84	143.8016	1.472319	1.789087
408	-1128.743	-1272.539	143.7955	1.472319	1.793263
414	-1099.075	-1243.285	144.2102	1.938708	1.115234
420	-1114.607	-1257.365	142.7581	1.476426	2.470024
426	-1143.717	-1287.631	143.9133	1.887713	1.404501
432	-1155.056	-1299.647	144.5909	1.887713	0.7560074
438	-1178.164	-1322.221	144.0574	2.200812	1.012114
444	-1180.12	-1324.662	144.5418	1.899028	0.8084182
450	-1169.69	-1314.135	144.4454	1.899028	0.9227712
456	-1184.981	-1329.451	144.4702	1.732709	1.065352
462	-1157.982	-1302.29	144.3071	1.705715	1.233804
468	-1169.184	-1313.82	144.6361	1.705715	0.9256154
474	-1140.883	-1285.257	144.3742	1.868452	1.027331
480	-1116.68	-1261.237	144.557	1.841064	0.8617444
486	-1138.128	-1282.745	144.6167	1.781376	0.8617444
492	-1115.606	-1260.097	144.4908	2.083824	0.536979
498	-1108.487	-1253.011	144.5237	1.951726	0.7606594
504	-1121.88	-1266.433	144.5536	1.951726	0.7141846
510	-1119.939	-1264.557	144.6176	1.837349	0.7895662
516	-1180.776	-1325.203	144.4275	2.027431	0.7895662
522	-1183.652	-1328.15	144.4977	1.86517	0.9024293
528	-1148.979	-1293.74	144.7616	1.591671	0.9130802
534	-1134.404	-1278.472	144.0683	1.577716	1.522256
540	-1119.804	-1262.923	143.1185	1.575521	2.177161
546	-1118.071	-1262.395	144.324	1.711421	1.214693
552	-1119.291	-1263.115	143.8238	1.539432	1.726629
558	-1097.448	-1240.341	142.8926	1.393282	2.437764
564	-1090.628	-1232.611	141.9833	1.56453	2.892302
570	-1141.679	-1285.509	143.8291	0.9422987	2.12678
576	-1139.224	-1282.441	143.2176	1.394411	2.230234
582	-1128.934	-1273.178	144.2439	1.788937	1.216931
588	-1141.478	-1286.012	144.5336	1.883452	0.8386427
594	-1119.609	-1264.331	144.7218	1.429882	1.11274
600	-1126.586	-1270.593	144.0069	1.471788	1.64457
606	-1136.219	-1280.221	144.0019	1.263348	1.795073
612	-1114.548	-1259.112	144.5642	1.567108	1.131115
618	-1143.867	-1288.383	144.5158	1.615532	1.131115
624	-1157.962	-1302.478	144.5158	1.615532	1.131115
630	-1113.763	-1256.681	142.9183	1.43297	2.396534
636	-1136.45	-1280.955	144.5048	1.537275	1.209046
642	-1120.656	-1264.605	143.9482	1.537275	1.639665
648	-1117.78	-1261.653	143.8731	1.648596	1.613572
654	-1129.295	-1273.059	143.7636	1.758104	1.613572
660	-1138.128	-1282.663	144.5353	1.80924	0.9226633
666	-1123.245	-1266.41	143.1647	1.728086	2.046955
672	-1129.012	-1273.358	144.346	1.608572	1.282191
678	-1153.11	-1297.274	144.1647	1.789893	1.282191
684	-1136.594	-1280.962	144.3681	1.866246	1.03542
690	-1160.621	-1304.538	143.9172	1.519457	1.674619
696	-1173.874	-1318.351	144.4769	1.654764	1.130817
702	-1196.055	-1338.565	142.5105	1.454521	2.63759
708	-1168.574	-1313.124	144.5499	1.662207	1.056655
714	-1182.799	-1327.318	144.5192	1.685559	1.06367
720	-1194.166	-1338.833	144.6668	1.856905	0.681801
726	-1155.581	-1300.023	144.4413	1.95162	0.8677962
732	-1126.323	-1270.682	144.359	1.968568	0.9409748
738	-1135.302	-1279.733	144.4307	2.104239	0.6598677
744	-1198.833	-1342.658	143.8253	2.263775	1.168488
750	-1159.909	-1304.676	144.7664	1.604851	0.8928847
756	-1145.831	-1290.003	144.1718	2.191925	0.9014079
762	-1154.689	-1298.936	144.2469	1.774604	1.226492
768	-1172.847	-1316.567	143.7205	2.301031	1.226492
774	-1170.475	-1313.129	142.6548	2.035037	2.179889
780	-1194.956	-1338.268	143.3124	1.54322	2.071508
786	-1187.641	-1331.559	143.9187	1.613675	1.605782
792	-1212.364	-1356.853	144.4898	1.768691	1.011759
798	-1191.136	-1335.094	143.9573	1.811969	1.429043
804	-1175.199	-1318.934	143.7347	1.345909	1.921375
810	-1196.7	-1340.834	144.134	1.445765	1.571254
816	-1163.86	-1308.099	144.2391	1.623959	1.355862
822	-1163.746	-1307.732	143.9862	1.87691	1.355862
828	-1212.381	-1354.658	142.2764	1.87691	2.520826
834	-1218.839	-1360.082	141.2425	1.803976	3.192304
840	-1191.494	-1335.734	144.2407	1.475439	1.46959
846	-1160.144	-1303.902	143.7586	1.957538	1.46959
852	-1126.92	-1271.569	144.6484	1.763958	0.8444958
858	-1123.811	-1267.953	144.1417	1.559001	1.48129
864	-1161.541	-1305.369	143.8276	2.019658	1.368362
870	-1174.203	-1317.769	143.5661	1.40314	1.9962
876	-1177.599	-1322.22	144.6204	1.57623	1.071307
882	-1152.602	-1297.104	144.5021	1.823278	0.9433361
888	-1127.323	-1271.624	144.3007	1.994008	0.9753242
894	-1108.02	-1252.006	143.9866	1.543746	1.607269
900	-1124.822	-1268.216	143.3946	1.480514	2.058669
906	-1130.126	-1273.688	143.5621	1.424799	1.984401
912	-1133.694	-1275.199	141.5056	1.596403	3.159388
918	-1112.267	-1256.446	144.179	1.456148	1.530391
924	-1099.473	-1243.095	143.6218	1.385572	1.970712
930	-1104.991	-1249.264	144.2731	1.61746	1.334011
936	-1103.31	-1247.632	144.3219	1.61746	1.294608
942	-1132.322	-1276.56	144.2371	1.511264	1.445064
948	-1137.239	-1280.93	143.6906	1.958926	1.519662
954	-1121.752	-1266.549	144.7978	1.711458	0.7077136
960	-1128.91	-1273.561	144.6509	1.840338	0.7368876
966	-1116.515	-1260.979	144.464	2.078462	0.6436344
972	-1088.789	-1233.611	144.8215	1.624379	0.8018401
978	-1105.721	-1250.362	144.6412	1.576773	1.05115
984	-1140.45	-1284.837	144.3873	1.939696	0.9415581
990	-1118.21	-1262.849	144.639	1.743109	0.8804712
996	-1089.129	-1232.981	143.8523	1.605519	1.659513
