Iteration	Posterior	Likelihood	Prior	rate_log_sd	tree_length
0	-2072.946	-2215.218	142.2722	2.633266	2.038539
6	-2071.584	-2213.533	141.9494	3.957173	1.321149
12	-2070.803	-2211.017	140.2138	4.88261	1.910684
18	-2052.901	-2192.433	139.532	2.123304	4.000749
24	-2217.481	-2359.971	142.4894	1.468051	2.642266
30	-2118.966	-2262.414	143.448	1.955731	1.698088
36	-2068.589	-2211.652	143.0629	3.36499	0.825074
42	-2113.827	-2257.547	143.72	2.857006	0.5112729
48	-2106.304	-2250.21	143.9063	1.810716	1.46893
54	-2082.383	-2225.548	143.165	2.552053	1.46893
60	-2044.034	-2187.499	143.4658	2.49218	1.27939
66	-2095.631	-2239.269	143.6389	2.8874	0.6769267
72	-2029.002	-2171.633	142.6311	3.449251	1.176094
78	-2082.027	-2226.051	144.0237	2.05668	1.176094
84	-2083.756	-2224.223	140.4674	4.712828	1.853658
90	-2044.23	-2185.484	141.2541	3.416317	2.192495
96	-2042.912	-2184.359	141.4464	1.995874	2.955936
102	-1999.867	-2139.335	139.4676	1.995874	4.110158
108	-2033.27	-2173.448	140.1779	3.843123	2.602998
114	-2062.784	-2205.222	142.4388	2.233742	2.191086
120	-2109.457	-2252.677	143.2193	3.264717	0.7480331
126	-2119.945	-2263.257	143.3119	3.264717	0.4829285
132	-2059.189	-2199.526	140.3365	1.728526	3.765616
138	-2034.191	-2175.804	141.6126	3.963204	1.574097
144	-2062.226	-2203.734	141.508	1.977622	2.92984
150	-2048.178	-2189.059	140.8819	2.603761	2.92984
156	-2087.042	-2230.188	143.1457	3.294219	0.8096374
162	-2100.962	-2244.046	143.0836	3.439682	0.3532497
168	-2099.651	-2242.771	143.1191	3.439682	0.6023219
174	-2146.989	-2290.292	143.3028	1.949443	1.804067
180	-2138.186	-2277.963	139.7776	1.892661	3.992245
186	-2221.415	-2364.933	143.5178	1.75096	1.792617
192	-2094.005	-2234.221	140.2158	6.361315	0.4920773
198	-2080.318	-2223.446	143.1278	3.404262	0.6657273
204	-2055.376	-2198.75	143.3744	3.066342	0.8085726
210	-2028.061	-2170.689	142.6283	3.939831	0.5702364
216	-2076.636	-2220.156	143.5199	2.61107	1.13146
222	-2081.75	-2225.27	143.5199	2.61107	1.13146
228	-2114.232	-2255.781	141.5487	3.617818	1.862995
234	-2109.29	-2252.08	142.7908	2.968998	1.436321
240	-2139.293	-2282.888	143.5951	2.782324	0.8858896
246	-2057.119	-2199.429	142.3097	3.017496	1.75192
252	-2086.275	-2229.75	143.4757	2.929187	0.8535549
258	-1997.717	-2141.344	143.6273	2.476527	1.155516
264	-2048.053	-2191.296	143.243	2.86085	1.155516
270	-2045.492	-2189.203	143.7111	2.86085	0.552792
276	-2063.414	-2207.544	144.1295	2.422282	0.6213002
282	-2058.85	-2202.971	144.1211	2.422282	0.6415736
288	-2027.765	-2170.233	142.4682	3.548116	1.230858
294	-2043.892	-2187.449	143.557	2.614811	1.094388
300	-2010.111	-2153.523	143.412	2.40619	1.391121
306	-2089.325	-2233.374	144.0488	2.437541	0.7444106
312	-2032.563	-2175.703	143.1407	3.088662	1.040178
318	-2104.713	-2247.27	142.5567	4.02056	0.5001191
324	-2079.4	-2220.215	140.8147	3.531561	2.399721
330	-2074.999	-2215.902	140.9025	3.581831	2.312106
336	-2215.563	-2359.669	144.1059	2.016762	1.138885
342	-2164.339	-2307.37	143.0308	2.606399	1.528854
348	-2087.004	-2227.022	140.0186	1.995506	3.794963
354	-2044.653	-2188.465	143.8118	2.625843	0.8125543
360	-2077.62	-2218.355	140.7353	3.764789	2.302032
366	-2115.757	-2259.462	143.7055	2.134653	1.373944
372	-2052.044	-2195.205	143.1612	3.331736	0.734242
378	-2036.989	-2180.337	143.3476	3.223689	0.5561716
384	-2007.171	-2148.137	140.9653	4.675971	0.08561528
390	-2078.554	-2221.011	142.4577	4.093171	0.3938944
396	-2105.01	-2247.958	142.9472	3.401239	0.9183513
402	-2139.88	-2283.151	143.2713	2.612336	1.339552
408	-2032.919	-2174.334	141.4151	2.612336	2.59905
414	-2137.513	-2280.569	143.0564	1.485252	2.275459
420	-2035.931	-2178.159	142.2281	2.31355	2.275459
426	-2106.803	-2249.003	142.1996	2.31355	2.293665
432	-2066.155	-2206.351	140.1963	5.894852	1.16668
438	-2067.365	-2210.245	142.8802	3.210946	1.16668
444	-2103.179	-2244.792	141.6132	2.389714	2.614207
450	-2174.662	-2318.54	143.8777	2.41765	0.9747235
456	-2067.795	-2207.053	139.2581	3.878787	3.138607
462	-2065.886	-2209.562	143.6755	2.659996	0.9324712
468	-2055.771	-2196.093	140.3225	5.266025	1.564764
474	-2071.699	-2214.319	142.6193	2.446697	1.931237
480	-2069.99	-2212.765	142.7742	2.293497	1.930136
486	-2096.689	-2239.426	142.7376	1.89215	2.218775
492	-2065.657	-2207.417	141.7601	3.618676	1.715677
498	-2086.016	-2228.311	142.2958	3.599733	1.330013
504	-2089.946	-2233.732	143.7863	2.708653	0.7310929
510	-2065.389	-2207.715	142.3265	3.056895	1.712467
516	-2040.344	-2182.953	142.609	3.951508	0.4141761
522	-2075.56	-2218.85	143.2902	3.268054	0.4088621
528	-2054.209	-2197.533	143.3244	2.916835	1.028727
534	-2098.248	-2240.475	142.2267	2.596699	2.092691
540	-2146.008	-2286.349	140.3404	5.895759	1.033615
546	-2142.072	-2284.739	142.6666	3.89768	0.4239539
552	-2089.27	-2232.584	143.3143	2.897844	1.056684
558	-2121.23	-2264.327	143.0961	2.55863	1.515782
564	-2175.477	-2317.978	142.5013	3.153446	1.515782
570	-2146.501	-2289.626	143.1249	3.153446	0.9919491
576	-2131.618	-2274.665	143.0469	3.007836	1.198205
582	-2046.921	-2190.293	143.3721	2.684441	1.196705
588	-2142.741	-2285.568	142.8272	3.579079	0.8518707
594	-2121.606	-2262.522	140.9166	5.345444	0.2003588
600	-2085.592	-2228.634	143.0414	3.489218	0.3624315
606	-2139.117	-2282.254	143.137	3.399694	0.3709121
612	-2180.923	-2324.547	143.6247	1.714261	1.743729
618	-2076.248	-2216.315	140.0675	3.716038	2.749052
624	-2069.629	-2210.696	141.0666	3.367419	2.344103
630	-2090.8	-2233.912	143.1118	2.857885	1.269766
636	-2159.651	-2302.72	143.0692	2.53776	1.551199
642	-2095.682	-2239.415	143.7327	2.53776	0.9999219
648	-2104.338	-2245.35	141.0122	5.519964	0.3645444
654	-2096.515	-2238.374	141.859	2.610525	2.321519
660	-2055.998	-2197.585	141.5876	2.610525	2.492803
666	-2028.557	-2172.228	143.6701	2.804087	0.7625569
672	-2074.01	-2217.087	143.0774	2.634782	1.472609
678	-2038.707	-2181.838	143.1316	2.291562	1.68429
684	-1985.33	-2127.351	142.0212	2.74502	2.130156
690	-2027.542	-2169.413	141.871	2.895285	2.130156
696	-2093.044	-2236.383	143.3388	3.022211	0.904475
702	-2061.075	-2203.737	142.6613	3.367362	1.220429
708	-2063.616	-2207.478	143.8624	2.630041	0.7350681
714	-2114.341	-2257.496	143.155	3.373285	0.6730479
720	-2046.422	-2189.811	143.3894	2.913144	0.9672655
726	-2108.912	-2251.134	142.2222	4.301163	0.3533719
732	-2114.923	-2253.771	138.8482	5.446283	2.432343
738	-2114.983	-2252.853	137.8702	7.493094	1.726645
744	-2121.616	-2260.468	138.8519	7.493094	0.2318678
750	-2074.881	-2218.595	143.7143	2.771756	0.7448251
756	-1927.819	-2070.939	143.1199	2.881009	1.243801
762	-2035.502	-2179.198	143.6956	2.881009	0.5175898
768	-2072.475	-2216.302	143.8274	2.749164	0.5175898
774	-2064.446	-2207.296	142.8503	2.072296	2.027212
780	-2061.587	-2204.5	142.9126	3.390015	0.9671913
786	-2005.606	-2148.377	142.7709	3.482695	1.016591
792	-1917.142	-2060.64	143.4978	3.076663	0.4636583
798	-1980.645	-2123.543	142.8987	2.933458	1.38025
804	-2015.243	-2157.144	141.9013	3.93087	1.38025
810	-1980.574	-2123.351	142.7772	3.552784	0.9383643
816	-2070.998	-2212.873	141.8751	4.01167	1.337045
822	-2083.149	-2225.697	142.5483	4.01167	0.4128802
828	-2043.942	-2186.651	142.7096	2.644234	1.733296
834	-2054.81	-2197.993	143.1831	3.059862	1.027019
840	-2097.207	-2236.643	139.4358	6.099966	1.603306
846	-1932.883	-2076.675	143.7919	2.357293	1.114984
852	-1887.454	-2029.813	142.3593	3.278454	1.528388
858	-1938.132	-2081.327	143.1949	3.364377	0.4111287
864	-1950.759	-2093.967	143.2079	3.364377	0.5511473
870	-2024.192	-2165.872	141.6796	4.573521	1.017053
876	-2136.499	-2280.38	143.8809	2.39194	0.9975514
882	-1998.673	-2139.95	141.277	3.030678	2.424074
888	-1850.733	-1992.113	141.3799	3.45902	2.082521
894	-1971.614	-2113.609	141.9949	3.357995	1.733906
900	-2080.692	-2223.254	142.5627	3.615512	1.088456
906	-2109.327	-2252.86	143.5332	2.149744	1.494645
912	-2085.64	-2229.427	143.7874	2.439936	1.042165
918	-2044.908	-2188.46	143.5518	2.981557	0.662942
924	-2092.973	-2235.278	142.3048	4.269591	0.5384003
930	-2048.769	-2191.94	143.1704	3.406327	0.5152472
936	-2055.245	-2196.353	141.1083	5.169528	0.9924639
942	-2073.942	-2213.652	139.71	2.216541	3.845326
948	-2068.616	-2211.702	143.086	1.921964	1.970307
954	-2181.054	-2323.422	142.3679	1.226923	2.863835
960	-2090.328	-2232.132	141.804	1.790828	2.863835
966	-2073.254	-2211.935	138.6801	4.166076	3.310654
972	-2043.406	-2186.201	142.7953	2.960184	1.439639
978	-1962.391	-2106.089	143.6984	2.057068	1.439639
984	-1949.551	-2092.764	143.2131	2.541801	1.440108
990	-1990.621	-2132.996	142.3748	3.592783	1.27149
996	-1888.835	-2032.62	143.7854	2.508241	0.9764724
